<?xml version="1.0" encoding="UTF-8"?>
<testng-results skipped="0" failed="0" ignored="0" total="1" passed="1">
  <reporter-output>
  </reporter-output>
  <suite name="Automation Test Suite" duration-ms="11112" started-at="2021-05-22T14:46:48Z" finished-at="2021-05-22T14:46:59Z">
    <groups>
    </groups>
    <test name="Chrome Test" duration-ms="11112" started-at="2021-05-22T14:46:48Z" finished-at="2021-05-22T14:46:59Z">
      <class name="com.automation.GooglePageTest">
        <test-method status="PASS" signature="setup()[pri:0, instance:com.automation.GooglePageTest@5b275dab]" name="setup" is-config="true" duration-ms="6787" started-at="2021-05-22T14:46:48Z" finished-at="2021-05-22T14:46:55Z">
          <reporter-output>
          </reporter-output>
        </test-method> <!-- setup -->
        <test-method status="PASS" signature="checkThePageTitle()[pri:0, instance:com.automation.GooglePageTest@5b275dab]" name="checkThePageTitle" duration-ms="3092" started-at="2021-05-22T14:46:55Z" finished-at="2021-05-22T14:46:58Z">
          <reporter-output>
          </reporter-output>
        </test-method> <!-- checkThePageTitle -->
        <test-method status="PASS" signature="teardown()[pri:0, instance:com.automation.GooglePageTest@5b275dab]" name="teardown" is-config="true" duration-ms="1100" started-at="2021-05-22T14:46:58Z" finished-at="2021-05-22T14:46:59Z">
          <reporter-output>
          </reporter-output>
        </test-method> <!-- teardown -->
      </class> <!-- com.automation.GooglePageTest -->
    </test> <!-- Chrome Test -->
  </suite> <!-- Automation Test Suite -->
</testng-results>
